<?xml version="1.0" encoding="UTF-8"?>
<testng-results skipped="0" failed="1" ignored="0" total="6" passed="5">
  <reporter-output>
  </reporter-output>
  <suite name="Surefire suite" duration-ms="199109" started-at="2022-03-21T11:01:07Z" finished-at="2022-03-21T11:04:26Z">
    <groups>
      <group name="cucumber">
        <method signature="AbstractTestNGCucumberTests.runScenario(io.cucumber.testng.PickleWrapper, io.cucumber.testng.FeatureWrapper)[pri:0, instance:TestRunner.Runner@59fa1d9b]" name="runScenario" class="io.cucumber.testng.AbstractTestNGCucumberTests"/>
      </group> <!-- cucumber -->
    </groups>
    <test name="Surefire test" duration-ms="199109" started-at="2022-03-21T11:01:07Z" finished-at="2022-03-21T11:04:26Z">
      <class name="TestRunner.Runner">
        <test-method status="PASS" signature="setUpClass()[pri:0, instance:TestRunner.Runner@59fa1d9b]" name="setUpClass" is-config="true" duration-ms="1642" started-at="2022-03-21T11:01:07Z" finished-at="2022-03-21T11:01:09Z">
          <reporter-output>
          </reporter-output>
        </test-method> <!-- setUpClass -->
        <test-method status="PASS" signature="runScenario(io.cucumber.testng.PickleWrapper, io.cucumber.testng.FeatureWrapper)[pri:0, instance:TestRunner.Runner@59fa1d9b]" name="runScenario" duration-ms="48938" started-at="2022-03-21T11:01:09Z" description="Runs Cucumber Scenarios" data-provider="scenarios" finished-at="2022-03-21T11:01:58Z">
          <params>
            <param index="0">
              <value>
                <![CDATA["Display Show Button Option"]]>
              </value>
            </param>
            <param index="1">
              <value>
                <![CDATA["Optional[Check Display Feature in App Tab]"]]>
              </value>
            </param>
          </params>
          <reporter-output>
          </reporter-output>
        </test-method> <!-- runScenario -->
        <test-method status="PASS" signature="runScenario(io.cucumber.testng.PickleWrapper, io.cucumber.testng.FeatureWrapper)[pri:0, instance:TestRunner.Runner@59fa1d9b]" name="runScenario" duration-ms="29826" started-at="2022-03-21T11:01:58Z" description="Runs Cucumber Scenarios" data-provider="scenarios" finished-at="2022-03-21T11:02:27Z">
          <params>
            <param index="0">
              <value>
                <![CDATA["Display Show Button Option"]]>
              </value>
            </param>
            <param index="1">
              <value>
                <![CDATA["Optional[Check Display Feature in App Tab]"]]>
              </value>
            </param>
          </params>
          <reporter-output>
          </reporter-output>
        </test-method> <!-- runScenario -->
        <test-method status="PASS" signature="runScenario(io.cucumber.testng.PickleWrapper, io.cucumber.testng.FeatureWrapper)[pri:0, instance:TestRunner.Runner@59fa1d9b]" name="runScenario" duration-ms="27545" started-at="2022-03-21T11:02:27Z" description="Runs Cucumber Scenarios" data-provider="scenarios" finished-at="2022-03-21T11:02:55Z">
          <params>
            <param index="0">
              <value>
                <![CDATA["Display Show Button Option"]]>
              </value>
            </param>
            <param index="1">
              <value>
                <![CDATA["Optional[Check Display Feature in App Tab]"]]>
              </value>
            </param>
          </params>
          <reporter-output>
          </reporter-output>
        </test-method> <!-- runScenario -->
        <test-method status="PASS" signature="runScenario(io.cucumber.testng.PickleWrapper, io.cucumber.testng.FeatureWrapper)[pri:0, instance:TestRunner.Runner@59fa1d9b]" name="runScenario" duration-ms="28641" started-at="2022-03-21T11:02:55Z" description="Runs Cucumber Scenarios" data-provider="scenarios" finished-at="2022-03-21T11:03:24Z">
          <params>
            <param index="0">
              <value>
                <![CDATA["Animation Hide Btn"]]>
              </value>
            </param>
            <param index="1">
              <value>
                <![CDATA["Optional[Check animation feature Hide Show Button]"]]>
              </value>
            </param>
          </params>
          <reporter-output>
          </reporter-output>
        </test-method> <!-- runScenario -->
        <test-method status="PASS" signature="runScenario(io.cucumber.testng.PickleWrapper, io.cucumber.testng.FeatureWrapper)[pri:0, instance:TestRunner.Runner@59fa1d9b]" name="runScenario" duration-ms="28466" started-at="2022-03-21T11:03:24Z" description="Runs Cucumber Scenarios" data-provider="scenarios" finished-at="2022-03-21T11:03:52Z">
          <params>
            <param index="0">
              <value>
                <![CDATA["Animatioon Show Btn"]]>
              </value>
            </param>
            <param index="1">
              <value>
                <![CDATA["Optional[Check animation feature Hide Show Button]"]]>
              </value>
            </param>
          </params>
          <reporter-output>
          </reporter-output>
        </test-method> <!-- runScenario -->
        <test-method status="FAIL" signature="runScenario(io.cucumber.testng.PickleWrapper, io.cucumber.testng.FeatureWrapper)[pri:0, instance:TestRunner.Runner@59fa1d9b]" name="runScenario" duration-ms="33011" started-at="2022-03-21T11:03:52Z" description="Runs Cucumber Scenarios" data-provider="scenarios" finished-at="2022-03-21T11:04:25Z">
          <params>
            <param index="0">
              <value>
                <![CDATA["Reversing animation btn check"]]>
              </value>
            </param>
            <param index="1">
              <value>
                <![CDATA["Optional[Check Animaton Feature Reversing]"]]>
              </value>
            </param>
          </params>
          <exception class="java.lang.AssertionError">
            <message>
              <![CDATA[expected [false] but found [true]]]>
            </message>
            <full-stacktrace>
              <![CDATA[java.lang.AssertionError: expected [false] but found [true]
at org.testng.Assert.fail(Assert.java:96)
at org.testng.Assert.failNotEquals(Assert.java:776)
at org.testng.Assert.assertEqualsImpl(Assert.java:137)
at org.testng.Assert.assertEquals(Assert.java:118)
at org.testng.Assert.assertEquals(Assert.java:568)
at org.testng.Assert.assertEquals(Assert.java:578)
at StepDefination.Reversing.the_item_goes_same_place(Reversing.java:47)
at âœ½.The item goes same place(file:///C:/Users/rajkishoremukhia/git/AppiumExitTest/AppiumExitTest/./src/test/java/FeaturesFiles/reversing.feature:11)
]]>
            </full-stacktrace>
          </exception> <!-- java.lang.AssertionError -->
          <reporter-output>
          </reporter-output>
        </test-method> <!-- runScenario -->
        <test-method status="PASS" signature="tearDownClass()[pri:0, instance:TestRunner.Runner@59fa1d9b]" name="tearDownClass" is-config="true" duration-ms="972" started-at="2022-03-21T11:04:25Z" finished-at="2022-03-21T11:04:26Z">
          <reporter-output>
          </reporter-output>
        </test-method> <!-- tearDownClass -->
      </class> <!-- TestRunner.Runner -->
    </test> <!-- Surefire test -->
  </suite> <!-- Surefire suite -->
</testng-results>
